<html>
<body>
<pre>
<h1>µVision Build Log</h1>
<h2>Tool Versions:</h2>
IDE-Version: µVision V5.25.3.0
Copyright (C) 2018 ARM Ltd and ARM Germany GmbH. All rights reserved.
License Information: jayvik desai, jayvik .co, LIC=----
 
Tool Versions:
Toolchain:       MDK-Lite  Version: 5.17
Toolchain Path:  C:\Keil_v5\ARM\ARMCC\Bin
C Compiler:      Armcc.exe V5.06 update 1 (build 61)
Assembler:       Armasm.exe V5.06 update 1 (build 61)
Linker/Locator:  ArmLink.exe V5.06 update 1 (build 61)
Library Manager: ArmAr.exe V5.06 update 1 (build 61)
Hex Converter:   FromElf.exe V5.06 update 1 (build 61)
CPU DLL:         SARMCM3.DLL V5.17
Dialog DLL:      DCM.DLL V1.13.4.0
Target DLL:      STLink\ST-LINKIII-KEIL_SWO.dll V2.0.18.0
Dialog DLL:      TCM.DLL V1.14.6.0
 
<h2>Project:</h2>
D:\arm\SPI\SPI.uvprojx
Project File Date:  02/25/2019

<h2>Output:</h2>
*** Using Compiler 'V5.06 update 1 (build 61)', folder: 'C:\Keil_v5\ARM\ARMCC\Bin'
Build target 'Target 1'
compiling main.cpp...
main.cpp(40): warning:  #177-D: variable "data" was declared but never referenced
  	int data;
main.cpp(90): warning:  #61-D: integer operation result is out of range
  	
PIOA->CRL|=(1<<31)|(1<<28)|(1<<29);//1001//A7 MOSI-ALT PUSH-PULL
main.cpp(146): warning:  #177-D: variable "result" was declared but never referenced
  		uint16_t result;
main.cpp(217): warning:  #177-D: variable "gyrosensitivity" was declared but never referenced
  	uint16_t gyrosensitivity=131, accelsensitivity=16384;
main.cpp(217): warning:  #177-D: variable "accelsensitivity" was declared but never referenced
  	uint16_t gyrosensitivity=131, accelsensitivity=16384;
main.cpp(293): error:  #7: unrecognized token
    var2 = (adc_T>>4) – (digi_t[0]);
main.cpp(293): error:  #65: expected a ";"
    var2 = (adc_T>>4) – (digi_t[0]);
main.cpp(294): error:  #7: unrecognized token
  	var2 = (var2 - (adc_T>>4) – (digi_t[1]));
main.cpp(294): error:  #18: expected a ")"
  	var2 = (var2 - (adc_T>>4) – (digi_t[1]));
main.cpp(305): warning:  #940-D: missing return statement at end of non-void function "bmp280_pressure"
  }
main.cpp(417): warning:  #1-D: last line of file ends without a newline
  */
main.cpp: 7 warnings, 4 errors
".\Objects\SPI.axf" - 4 Error(s), 7 Warning(s).

<h2>Software Packages used:</h2>

Package Vendor: ARM
                http://www.keil.com/pack/ARM.CMSIS.5.2.0.pack
                ARM.CMSIS.5.2.0
                CMSIS (Cortex Microcontroller Software Interface Standard)
   * Component: CORE Version: 5.0.2

Package Vendor: Keil
                http://www.keil.com/pack/Keil.STM32F1xx_DFP.2.2.0.pack
                Keil.STM32F1xx_DFP.2.2.0
                STMicroelectronics STM32F1 Series Device Support, Drivers and Examples
   * Component: Startup Version: 1.0.0

<h2>Collection of Component include folders:</h2>
  .\RTE\Device\STM32F100RB
  .\RTE\_Target_1
  C:\Keil_v5\ARM\PACK\ARM\CMSIS\5.2.0\CMSIS\Include
  C:\Keil_v5\ARM\PACK\Keil\STM32F1xx_DFP\2.2.0\Device\Include

<h2>Collection of Component Files used:</h2>

   * Component: ARM::CMSIS:CORE:5.0.2

   * Component: Keil::Device:Startup:1.0.0
      Include file:  RTE_Driver\Config\RTE_Device.h
      Source file:   Device\Source\system_stm32f10x.c
      Source file:   Device\Source\ARM\STM32F1xx_OPT.s
      Source file:   Device\Source\ARM\startup_stm32f10x_md_vl.s
Target not created.
Build Time Elapsed:  00:00:00
</pre>
</body>
</html>
